\BOOKMARK [1][-]{section.1}{\376\377\000I\000n\000t\000r\000o\000d\000u\000\347\000\343\000o}{}% 1
\BOOKMARK [2][-]{subsection.1.1}{\376\377\000S\000o\000b\000r\000e\000\040\000o\000\040\000E\000x\000p\000e\000r\000i\000m\000e\000n\000t\000o}{section.1}% 2
\BOOKMARK [3][-]{subsubsection.1.1.1}{\376\377\000M\000u\000l\000t\000i\000p\000l\000e\000x\000a\000d\000o\000r\000\040\0008\000\040\000p\000a\000r\000a\000\040\0001}{subsection.1.1}% 3
\BOOKMARK [3][-]{subsubsection.1.1.2}{\376\377\000D\000e\000c\000o\000d\000i\000f\000i\000c\000a\000d\000o\000r\000\040\0004\000\040\000p\000a\000r\000a\000\040\0001\0006}{subsection.1.1}% 4
\BOOKMARK [2][-]{subsection.1.2}{\376\377\000I\000n\000t\000r\000o\000d\000u\000\347\000\343\000o\000\040\000T\000e\000\363\000r\000i\000c\000a}{section.1}% 5
\BOOKMARK [3][-]{subsubsection.1.2.1}{\376\377\000M\000u\000l\000t\000i\000p\000l\000e\000x\000a\000d\000o\000r\000\040\0008\000\040\000p\000a\000r\000a\000\040\0001}{subsection.1.2}% 6
\BOOKMARK [3][-]{subsubsection.1.2.2}{\376\377\000D\000e\000c\000o\000d\000i\000f\000i\000c\000a\000d\000o\000r\000\040\0004\000\040\000p\000a\000r\000a\000\040\0001\0006}{subsection.1.2}% 7
\BOOKMARK [1][-]{section.2}{\376\377\000C\000\363\000d\000i\000g\000o\000s}{}% 8
\BOOKMARK [2][-]{subsection.2.1}{\376\377\000M\000u\000l\000t\000i\000p\000l\000e\000x\000a\000d\000o\000r\000\040\0008\000\040\000p\000a\000r\000a\000\040\0001}{section.2}% 9
\BOOKMARK [3][-]{subsubsection.2.1.1}{\376\377\000A\000r\000q\000u\000i\000v\000o\000\040\000d\000e\000\040\000D\000e\000s\000i\000g\000n\000\040\000V\000H\000D\000L}{subsection.2.1}% 10
\BOOKMARK [3][-]{subsubsection.2.1.2}{\376\377\000T\000e\000s\000t\000b\000e\000n\000c\000h}{subsection.2.1}% 11
\BOOKMARK [2][-]{subsection.2.2}{\376\377\000D\000e\000c\000o\000d\000i\000f\000i\000c\000a\000d\000o\000r\000\040\0004\000\040\000p\000a\000r\000a\000\040\0001\0006}{section.2}% 12
\BOOKMARK [3][-]{subsubsection.2.2.1}{\376\377\000A\000r\000q\000u\000i\000v\000o\000\040\000d\000e\000\040\000D\000e\000s\000i\000g\000n\000\040\000V\000H\000D\000L}{subsection.2.2}% 13
\BOOKMARK [3][-]{subsubsection.2.2.2}{\376\377\000T\000e\000s\000t\000b\000e\000n\000c\000h}{subsection.2.2}% 14
\BOOKMARK [1][-]{section.3}{\376\377\000C\000o\000m\000p\000i\000l\000a\000\347\000\343\000o}{}% 15
\BOOKMARK [1][-]{section.4}{\376\377\000S\000i\000m\000u\000l\000a\000\347\000\343\000o}{}% 16
\BOOKMARK [1][-]{section.5}{\376\377\000A\000n\000\341\000l\000i\000s\000e}{}% 17
\BOOKMARK [2][-]{subsection.5.1}{\376\377\000A\000n\000\341\000l\000i\000s\000e\000\040\000d\000o\000\040\000c\000o\000m\000p\000o\000r\000t\000a\000m\000e\000n\000t\000o\000\040\000d\000o\000\040\000S\000o\000m\000a\000d\000o\000r\000\040\000C\000o\000m\000p\000l\000e\000t\000o}{section.5}% 18
\BOOKMARK [2][-]{subsection.5.2}{\376\377\000A\000n\000\341\000l\000i\000s\000e\000\040\000d\000o\000\040\000c\000o\000m\000p\000o\000r\000t\000a\000m\000e\000n\000t\000o\000\040\000d\000o\000\040\000M\000u\000l\000t\000i\000p\000l\000e\000x\000a\000d\000o\000r\000\040\0004\000\040\000p\000a\000r\000a\000\040\0001}{section.5}% 19
\BOOKMARK [1][-]{section.6}{\376\377\000C\000o\000n\000c\000l\000u\000s\000\343\000o}{}% 20
